<?xml version="1.0" encoding="UTF-8"?>
<testng-results ignored="0" total="4" passed="4" failed="0" skipped="0">
  <reporter-output>
  </reporter-output>
  <suite started-at="2022-09-05T07:08:25 IST" name="Default suite" finished-at="2022-09-05T07:08:25 IST" duration-ms="116">
    <groups>
    </groups>
    <test started-at="2022-09-05T07:08:25 IST" name="Default test" finished-at="2022-09-05T07:08:25 IST" duration-ms="116">
      <class name="Flipkart.ecommerce.Platform">
        <test-method signature="signup()[pri:1, instance:Flipkart.ecommerce.Platform@6babf3bf]" started-at="2022-09-05T07:08:25 IST" name="signup" finished-at="2022-09-05T07:08:25 IST" duration-ms="19" status="PASS">
          <reporter-output>
          </reporter-output>
        </test-method> <!-- signup -->
        <test-method signature="login()[pri:2, instance:Flipkart.ecommerce.Platform@6babf3bf]" started-at="2022-09-05T07:08:25 IST" name="login" finished-at="2022-09-05T07:08:25 IST" duration-ms="4" status="PASS">
          <reporter-output>
          </reporter-output>
        </test-method> <!-- login -->
        <test-method signature="searchProduct()[pri:3, instance:Flipkart.ecommerce.Platform@6babf3bf]" started-at="2022-09-05T07:08:25 IST" name="searchProduct" finished-at="2022-09-05T07:08:25 IST" duration-ms="3" status="PASS">
          <reporter-output>
          </reporter-output>
        </test-method> <!-- searchProduct -->
        <test-method signature="addtoCart()[pri:4, instance:Flipkart.ecommerce.Platform@6babf3bf]" started-at="2022-09-05T07:08:25 IST" name="addtoCart" finished-at="2022-09-05T07:08:25 IST" duration-ms="5" status="PASS">
          <reporter-output>
          </reporter-output>
        </test-method> <!-- addtoCart -->
      </class> <!-- Flipkart.ecommerce.Platform -->
    </test> <!-- Default test -->
  </suite> <!-- Default suite -->
</testng-results>
