<?xml version="1.0" encoding="UTF-8"?>
<!-- Generated by org.testng.reporters.JUnitXMLReporter -->
<testsuite ignored="0" hostname="DESKTOP-4V4BKJS" failures="0" tests="4" name="Default test" time="0.116" errors="0" timestamp="2022-09-05T07:08:25 IST">
  <testcase classname="Flipkart.ecommerce.Platform" name="signup" time="0.019"/>
  <testcase classname="Flipkart.ecommerce.Platform" name="login" time="0.004"/>
  <testcase classname="Flipkart.ecommerce.Platform" name="searchProduct" time="0.003"/>
  <testcase classname="Flipkart.ecommerce.Platform" name="addtoCart" time="0.005"/>
</testsuite> <!-- Default test -->
