<?xml version="1.0" encoding="UTF-8"?>
<!-- Generated by org.testng.reporters.JUnitXMLReporter -->
<testsuite ignored="0" hostname="DESKTOP-4V4BKJS" failures="0" tests="3" name="Test" time="80.22" errors="0" timestamp="2022-08-26T07:22:04 IST">
  <testcase classname="Flipkart.ecommerce.Snapdeal" name="launch" time="15.359"/>
  <testcase classname="Flipkart.ecommerce.Amazon" name="launch" time="18.462"/>
  <testcase classname="Flipkart.ecommerce.Flipkart" name="launch" time="80.15"/>
</testsuite> <!-- Test -->
